[2018-06-27 21:55:24] Текст ошибки:  | Файл: ,
        | Строка: 
====================
[2018-06-27 21:55:31] Текст ошибки:  | Файл: ,
        | Строка: 
====================
[2018-06-27 22:07:54] Текст ошибки:  | Файл: ,
        | Строка: 
====================
[2018-06-27 22:09:48] Текст ошибки:  | Файл: ,
        | Строка: 
====================
[2018-06-27 22:14:53] Текст ошибки:  | Файл: ,
        | Строка: 
====================
[2018-06-29 12:24:08] Текст ошибки:  | Файл: ,
        | Строка: 
====================
[2018-06-29 12:24:09] Текст ошибки: Страница не найдена | Файл: D:\OpenServer\domains\myfram.fr\vendor\myfram\core\Router.php,
        | Строка: 67
====================
[2018-06-29 12:24:09] Текст ошибки:  | Файл: ,
        | Строка: 
====================
[2018-06-29 12:24:09] Текст ошибки: Страница не найдена | Файл: D:\OpenServer\domains\myfram.fr\vendor\myfram\core\Router.php,
        | Строка: 67
====================
[2018-06-29 12:24:09] Текст ошибки:  | Файл: ,
        | Строка: 
====================
[2018-06-29 12:24:09] Текст ошибки: Страница не найдена | Файл: D:\OpenServer\domains\myfram.fr\vendor\myfram\core\Router.php,
        | Строка: 67
====================
[2018-06-29 12:24:09] Текст ошибки:  | Файл: ,
        | Строка: 
====================
[2018-06-29 12:28:17] Текст ошибки:  | Файл: ,
        | Строка: 
====================
[2018-06-29 12:28:36] Текст ошибки:  | Файл: ,
        | Строка: 
====================
[2018-06-29 12:28:37] Текст ошибки:  | Файл: ,
        | Строка: 
====================
[2018-06-29 12:28:39] Текст ошибки: Страница не найдена | Файл: D:\OpenServer\domains\myfram.fr\vendor\myfram\core\Router.php,
        | Строка: 67
====================
[2018-06-29 12:28:39] Текст ошибки:  | Файл: ,
        | Строка: 
====================
[2018-06-29 12:29:09] Текст ошибки:  | Файл: ,
        | Строка: 
====================
[2018-06-29 12:29:11] Текст ошибки:  | Файл: ,
        | Строка: 
====================
[2018-06-29 12:29:15] Текст ошибки:  | Файл: ,
        | Строка: 
====================
[2018-06-29 12:49:28] Текст ошибки:  | Файл: ,
        | Строка: 
====================
[2018-06-29 12:49:52] Текст ошибки:  | Файл: ,
        | Строка: 
====================
[2018-06-29 12:49:59] Текст ошибки:  | Файл: ,
        | Строка: 
====================
[2018-06-29 12:51:45] Текст ошибки:  | Файл: ,
        | Строка: 
====================
[2018-06-29 12:52:00] Текст ошибки:  | Файл: ,
        | Строка: 
====================
[2018-06-29 12:54:49] Текст ошибки:  | Файл: ,
        | Строка: 
====================
[2018-06-29 12:55:12] Текст ошибки:  | Файл: ,
        | Строка: 
====================
[2018-06-29 12:55:27] Текст ошибки:  | Файл: ,
        | Строка: 
====================
[2018-06-29 12:56:40] Текст ошибки:  | Файл: ,
        | Строка: 
====================
[2018-06-29 12:58:02] Текст ошибки:  | Файл: ,
        | Строка: 
====================
[2018-06-29 12:58:15] Текст ошибки:  | Файл: ,
        | Строка: 
====================
[2018-06-29 12:58:30] Текст ошибки:  | Файл: ,
        | Строка: 
====================
[2018-06-29 12:58:49] Текст ошибки:  | Файл: ,
        | Строка: 
====================
[2018-06-29 12:59:27] Текст ошибки:  | Файл: ,
        | Строка: 
====================
[2018-06-29 12:59:41] Текст ошибки:  | Файл: ,
        | Строка: 
====================
[2018-06-29 12:59:43] Текст ошибки:  | Файл: ,
        | Строка: 
====================
[2018-06-29 12:59:47] Текст ошибки: Контролер app\controllers\PostController не найден. | Файл: D:\OpenServer\domains\myfram.fr\vendor\myfram\core\Router.php,
        | Строка: 62
====================
[2018-06-29 12:59:47] Текст ошибки:  | Файл: ,
        | Строка: 
====================
[2018-06-29 12:59:53] Текст ошибки: Контролер app\controllers\PostaController не найден. | Файл: D:\OpenServer\domains\myfram.fr\vendor\myfram\core\Router.php,
        | Строка: 62
====================
[2018-06-29 12:59:53] Текст ошибки:  | Файл: ,
        | Строка: 
====================
[2018-06-29 12:59:58] Текст ошибки: Контролер app\controllers\PostaController не найден. | Файл: D:\OpenServer\domains\myfram.fr\vendor\myfram\core\Router.php,
        | Строка: 62
====================
[2018-06-29 12:59:58] Текст ошибки:  | Файл: ,
        | Строка: 
====================
[2018-06-29 13:00:03] Текст ошибки:  | Файл: ,
        | Строка: 
====================
[2018-06-29 13:00:16] Текст ошибки:  | Файл: ,
        | Строка: 
====================
[2018-06-29 13:00:17] Текст ошибки:  | Файл: ,
        | Строка: 
====================
[2018-06-29 13:00:18] Текст ошибки:  | Файл: ,
        | Строка: 
====================
[2018-06-29 13:00:18] Текст ошибки:  | Файл: ,
        | Строка: 
====================
[2018-06-29 13:59:37] Текст ошибки:  | Файл: ,
        | Строка: 
====================
[2018-06-29 14:00:05] Текст ошибки:  | Файл: ,
        | Строка: 
====================
[2018-06-29 14:01:08] Текст ошибки:  | Файл: ,
        | Строка: 
====================
[2018-06-29 14:01:26] Текст ошибки:  | Файл: ,
        | Строка: 
====================
[2018-06-29 16:43:42] Текст ошибки:  | Файл: ,
        | Строка: 
====================
[2018-06-29 16:43:43] Текст ошибки:  | Файл: ,
        | Строка: 
====================
[2018-06-29 16:43:46] Текст ошибки:  | Файл: ,
        | Строка: 
====================
[2018-06-29 16:43:47] Текст ошибки:  | Файл: ,
        | Строка: 
====================
[2018-06-29 16:43:47] Текст ошибки:  | Файл: ,
        | Строка: 
====================
[2018-06-29 16:43:49] Текст ошибки:  | Файл: ,
        | Строка: 
====================
[2018-06-29 16:43:53] Текст ошибки:  | Файл: ,
        | Строка: 
====================
[2018-06-29 16:43:55] Текст ошибки:  | Файл: ,
        | Строка: 
====================
[2018-06-29 16:43:57] Текст ошибки:  | Файл: ,
        | Строка: 
====================
[2018-06-29 16:43:58] Текст ошибки:  | Файл: ,
        | Строка: 
====================
[2018-06-29 16:43:59] Текст ошибки:  | Файл: ,
        | Строка: 
====================
[2018-06-29 16:44:00] Текст ошибки:  | Файл: ,
        | Строка: 
====================
[2018-06-29 16:44:03] Текст ошибки:  | Файл: ,
        | Строка: 
====================
[2018-06-29 21:48:55] Текст ошибки:  | Файл: ,
        | Строка: 
====================
[2018-06-29 21:49:54] Текст ошибки:  | Файл: ,
        | Строка: 
====================
[2018-06-29 21:51:04] Текст ошибки:  | Файл: ,
        | Строка: 
====================
[2018-06-29 21:51:36] Текст ошибки:  | Файл: ,
        | Строка: 
====================
[2018-06-29 21:52:35] Текст ошибки: Class 'app\controllers\User' not found | Файл: D:\OpenServer\domains\myfram.fr\app\controllers\UserController.php,
        | Строка: 16
====================
[2018-06-29 21:53:03] Текст ошибки: Class 'app\controllers\User' not found | Файл: D:\OpenServer\domains\myfram.fr\app\controllers\UserController.php,
        | Строка: 16
====================
[2018-06-29 21:55:01] Текст ошибки: Missing argument 1 for myfram\core\base\Model::validate(), called in D:\OpenServer\domains\myfram.fr\app\controllers\UserController.php on line 19 and defined | Файл: D:\OpenServer\domains\myfram.fr\vendor\myfram\core\base\Model.php,
        | Строка: 31
====================
[2018-06-29 21:55:01] Текст ошибки: Undefined variable: data | Файл: D:\OpenServer\domains\myfram.fr\vendor\myfram\core\base\Model.php,
        | Строка: 32
====================
[2018-06-29 21:55:01] Текст ошибки:  | Файл: ,
        | Строка: 
====================
[2018-06-29 21:56:00] Текст ошибки:  | Файл: ,
        | Строка: 
====================
[2018-06-29 21:56:07] Текст ошибки:  | Файл: ,
        | Строка: 
====================
[2018-06-29 21:56:34] Текст ошибки:  | Файл: ,
        | Строка: 
====================
[2018-06-29 21:57:05] Текст ошибки:  | Файл: ,
        | Строка: 
====================
[2018-06-29 21:58:39] Текст ошибки:  | Файл: ,
        | Строка: 
====================
[2018-06-29 21:58:42] Текст ошибки:  | Файл: ,
        | Строка: 
====================
[2018-06-29 22:00:24] Текст ошибки:  | Файл: ,
        | Строка: 
====================
[2018-06-29 23:12:53] Текст ошибки:  | Файл: ,
        | Строка: 
====================
[2018-06-29 23:12:55] Текст ошибки: Страница не найдена | Файл: D:\OpenServer\domains\myfram.fr\vendor\myfram\core\Router.php,
        | Строка: 67
====================
[2018-06-29 23:12:55] Текст ошибки:  | Файл: ,
        | Строка: 
====================
[2018-06-29 23:12:58] Текст ошибки:  | Файл: ,
        | Строка: 
====================
[2018-06-29 21:18:21] Текст ошибки: Could not connect to database (myfram). | Файл: /home/u911928055/public_html/fw/vendor/myfram/libs/rb.php,
        | Строка: 1011
====================
[2018-06-29 21:18:21] Текст ошибки:  | Файл: ,
        | Строка: 
====================
[2018-06-29 21:19:54] Текст ошибки: Could not connect to database (myfram). | Файл: /home/u911928055/public_html/fw/vendor/myfram/libs/rb.php,
        | Строка: 1011
====================
[2018-06-29 21:19:54] Текст ошибки:  | Файл: ,
        | Строка: 
====================
[2018-06-29 21:21:53] Текст ошибки: Could not connect to database (myfram). | Файл: /home/u911928055/public_html/fw/vendor/myfram/libs/rb.php,
        | Строка: 1011
====================
[2018-06-29 21:21:53] Текст ошибки:  | Файл: ,
        | Строка: 
====================
[2018-06-29 21:24:59] Текст ошибки: Could not connect to database (myfram). | Файл: /home/u911928055/public_html/fw/vendor/myfram/libs/rb.php,
        | Строка: 1011
====================
[2018-06-29 21:24:59] Текст ошибки:  | Файл: ,
        | Строка: 
====================
[2018-06-29 21:26:06] Текст ошибки: Could not connect to database (myfram). | Файл: /home/u911928055/public_html/fw/vendor/myfram/libs/rb.php,
        | Строка: 1011
====================
[2018-06-29 21:26:06] Текст ошибки:  | Файл: ,
        | Строка: 
====================
[2018-06-30 11:43:04] Текст ошибки: unserialize(): Error at offset 18 of 2350 bytes | Файл: D:\OpenServer\domains\myfram.fr\vendor\myfram\libs\Cache.php,
        | Строка: 20
====================
[2018-06-30 11:43:04] Текст ошибки:  | Файл: ,
        | Строка: 
====================
[2018-06-30 11:43:42] Текст ошибки:  | Файл: ,
        | Строка: 
====================
[2018-06-30 11:45:19] Текст ошибки:  | Файл: ,
        | Строка: 
====================
[2018-06-30 11:45:22] Текст ошибки:  | Файл: ,
        | Строка: 
====================
[2018-06-30 11:45:23] Текст ошибки:  | Файл: ,
        | Строка: 
====================
[2018-06-30 11:45:24] Текст ошибки:  | Файл: ,
        | Строка: 
====================
[2018-06-30 11:45:25] Текст ошибки:  | Файл: ,
        | Строка: 
====================
[2018-06-30 11:45:27] Текст ошибки:  | Файл: ,
        | Строка: 
====================
[2018-06-30 11:45:29] Текст ошибки:  | Файл: ,
        | Строка: 
====================
[2018-06-30 11:45:41] Текст ошибки:  | Файл: ,
        | Строка: 
====================
[2018-06-30 11:45:43] Текст ошибки:  | Файл: ,
        | Строка: 
====================
[2018-06-30 11:45:45] Текст ошибки:  | Файл: ,
        | Строка: 
====================
[2018-06-30 11:45:47] Текст ошибки:  | Файл: ,
        | Строка: 
====================
[2018-06-30 11:51:37] Текст ошибки:  | Файл: ,
        | Строка: 
====================
[2018-06-30 11:51:37] Текст ошибки:  | Файл: ,
        | Строка: 
====================
[2018-06-30 11:53:44] Текст ошибки:  | Файл: ,
        | Строка: 
====================
[2018-06-30 11:53:44] Текст ошибки:  | Файл: ,
        | Строка: 
====================
[2018-06-30 11:53:46] Текст ошибки:  | Файл: ,
        | Строка: 
====================
[2018-06-30 11:53:46] Текст ошибки: Страница не найдена | Файл: D:\OpenServer\domains\myfram.fr\vendor\myfram\core\Router.php,
        | Строка: 67
====================
[2018-06-30 11:53:46] Текст ошибки:  | Файл: ,
        | Строка: 
====================
[2018-06-30 11:57:51] Текст ошибки:  | Файл: ,
        | Строка: 
====================
[2018-06-30 15:50:02] Текст ошибки:  | Файл: ,
        | Строка: 
====================
[2018-06-30 15:50:04] Текст ошибки:  | Файл: ,
        | Строка: 
====================
[2018-06-30 15:50:06] Текст ошибки:  | Файл: ,
        | Строка: 
====================
[2018-06-30 15:50:06] Текст ошибки:  | Файл: ,
        | Строка: 
====================
[2018-06-30 15:50:49] Текст ошибки:  | Файл: ,
        | Строка: 
====================
[2018-06-30 16:57:22] Текст ошибки:  | Файл: ,
        | Строка: 
====================
[2018-06-30 17:15:45] Текст ошибки:  | Файл: ,
        | Строка: 
====================
[2018-06-30 17:15:58] Текст ошибки:  | Файл: ,
        | Строка: 
====================
[2018-06-30 17:15:58] Текст ошибки:  | Файл: ,
        | Строка: 
====================
[2018-06-30 17:16:03] Текст ошибки:  | Файл: ,
        | Строка: 
====================
[2018-06-30 17:16:03] Текст ошибки:  | Файл: ,
        | Строка: 
====================
[2018-06-30 17:18:26] Текст ошибки:  | Файл: ,
        | Строка: 
====================
[2018-06-30 17:18:26] Текст ошибки:  | Файл: ,
        | Строка: 
====================
[2018-06-30 17:18:45] Текст ошибки:  | Файл: ,
        | Строка: 
====================
[2018-06-30 17:18:45] Текст ошибки:  | Файл: ,
        | Строка: 
====================
[2018-06-30 23:14:01] Текст ошибки:  | Файл: ,
        | Строка: 
====================
[2018-06-30 23:14:01] Текст ошибки:  | Файл: ,
        | Строка: 
====================
[2018-06-30 23:17:57] Текст ошибки:  | Файл: ,
        | Строка: 
====================
[2018-06-30 23:17:57] Текст ошибки:  | Файл: ,
        | Строка: 
====================
[2018-06-30 23:20:18] Текст ошибки: SQLSTATE[23000]: Integrity constraint violation: 1062 Duplicate entry 'user' for key 'login' | Файл: D:\OpenServer\domains\myfram.fr\vendor\myfram\libs\rb.php,
        | Строка: 768
====================
[2018-06-30 23:20:18] Текст ошибки:  | Файл: ,
        | Строка: 
====================
[2018-06-30 23:45:14] Текст ошибки:  | Файл: ,
        | Строка: 
====================
[2018-06-30 23:45:46] Текст ошибки: Expected array, string given. | Файл: D:\OpenServer\domains\myfram.fr\vendor\myfram\libs\rb.php,
        | Строка: 9787
====================
[2018-06-30 23:45:46] Текст ошибки:  | Файл: ,
        | Строка: 
====================
[2018-06-30 23:47:06] Текст ошибки:  | Файл: ,
        | Строка: 
====================
[2018-06-30 23:47:07] Текст ошибки:  | Файл: ,
        | Строка: 
====================
[2018-06-30 23:48:18] Текст ошибки: Expected array, string given. | Файл: D:\OpenServer\domains\myfram.fr\vendor\myfram\libs\rb.php,
        | Строка: 9787
====================
[2018-06-30 23:48:18] Текст ошибки:  | Файл: ,
        | Строка: 
====================
[2018-06-30 23:50:59] Текст ошибки:  | Файл: ,
        | Строка: 
====================
[2018-06-30 23:50:59] Текст ошибки:  | Файл: ,
        | Строка: 
====================
[2018-06-30 23:51:17] Текст ошибки:  | Файл: ,
        | Строка: 
====================
[2018-06-30 23:51:17] Текст ошибки:  | Файл: ,
        | Строка: 
====================
[2018-06-30 23:51:24] Текст ошибки:  | Файл: ,
        | Строка: 
====================
[2018-06-30 23:51:24] Текст ошибки:  | Файл: ,
        | Строка: 
====================
[2018-06-30 23:51:34] Текст ошибки:  | Файл: ,
        | Строка: 
====================
[2018-06-30 23:51:34] Текст ошибки:  | Файл: ,
        | Строка: 
====================
[2018-06-30 23:51:42] Текст ошибки:  | Файл: ,
        | Строка: 
====================
[2018-06-30 23:51:42] Текст ошибки:  | Файл: ,
        | Строка: 
====================
[2018-06-30 23:51:49] Текст ошибки:  | Файл: ,
        | Строка: 
====================
[2018-06-30 23:51:49] Текст ошибки:  | Файл: ,
        | Строка: 
====================
[2018-07-03 10:08:57] Текст ошибки:  | Файл: ,
        | Строка: 
====================
[2018-07-03 10:08:57] Текст ошибки: Страница не найдена | Файл: D:\OpenServer\domains\myfram.fr\vendor\myfram\core\Router.php,
        | Строка: 67
====================
[2018-07-03 10:08:57] Текст ошибки:  | Файл: ,
        | Строка: 
====================
[2018-07-03 10:08:57] Текст ошибки: Страница не найдена | Файл: D:\OpenServer\domains\myfram.fr\vendor\myfram\core\Router.php,
        | Строка: 67
====================
[2018-07-03 10:08:57] Текст ошибки:  | Файл: ,
        | Строка: 
====================
[2018-07-03 10:08:57] Текст ошибки: Страница не найдена | Файл: D:\OpenServer\domains\myfram.fr\vendor\myfram\core\Router.php,
        | Строка: 67
====================
[2018-07-03 10:08:57] Текст ошибки:  | Файл: ,
        | Строка: 
====================
[2018-07-03 19:54:22] Текст ошибки:  | Файл: ,
        | Строка: 
====================
[2018-07-03 19:54:22] Текст ошибки:  | Файл: ,
        | Строка: 
====================
[2018-07-03 20:00:45] Текст ошибки:  | Файл: ,
        | Строка: 
====================
[2018-07-03 20:01:02] Текст ошибки:  | Файл: ,
        | Строка: 
====================
[2018-07-03 21:46:59] Текст ошибки:  | Файл: ,
        | Строка: 
====================
[2018-07-03 21:49:07] Текст ошибки:  | Файл: ,
        | Строка: 
====================
[2018-07-03 23:33:52] Текст ошибки:  | Файл: ,
        | Строка: 
====================
[2018-07-03 23:34:03] Текст ошибки: Call to undefined function app\models\emty() | Файл: D:\OpenServer\domains\myfram.fr\app\models\User.php,
        | Строка: 50
====================
[2018-07-03 23:34:54] Текст ошибки:  | Файл: ,
        | Строка: 
====================
[2018-07-03 23:35:09] Текст ошибки:  | Файл: ,
        | Строка: 
====================
[2018-07-03 23:35:09] Текст ошибки:  | Файл: ,
        | Строка: 
====================
[2018-07-03 23:35:46] Текст ошибки:  | Файл: ,
        | Строка: 
====================
[2018-07-03 23:35:46] Текст ошибки:  | Файл: ,
        | Строка: 
====================
[2018-07-03 23:36:25] Текст ошибки:  | Файл: ,
        | Строка: 
====================
[2018-07-03 23:36:25] Текст ошибки:  | Файл: ,
        | Строка: 
====================
[2018-07-03 23:39:08] Текст ошибки:  | Файл: ,
        | Строка: 
====================
[2018-07-03 23:39:10] Текст ошибки:  | Файл: ,
        | Строка: 
====================
[2018-07-03 23:40:39] Текст ошибки:  | Файл: ,
        | Строка: 
====================
[2018-07-03 23:40:42] Текст ошибки:  | Файл: ,
        | Строка: 
====================
[2018-07-03 23:40:42] Текст ошибки:  | Файл: ,
        | Строка: 
====================
[2018-07-03 23:40:44] Текст ошибки:  | Файл: ,
        | Строка: 
====================
[2018-07-03 23:41:02] Текст ошибки:  | Файл: ,
        | Строка: 
====================
[2018-07-03 23:41:02] Текст ошибки:  | Файл: ,
        | Строка: 
====================
[2018-07-03 23:41:04] Текст ошибки:  | Файл: ,
        | Строка: 
====================
[2018-07-03 23:41:04] Текст ошибки:  | Файл: ,
        | Строка: 
====================
[2018-07-03 23:41:17] Текст ошибки:  | Файл: ,
        | Строка: 
====================
[2018-07-03 23:41:17] Текст ошибки:  | Файл: ,
        | Строка: 
====================
[2018-07-03 23:41:19] Текст ошибки:  | Файл: ,
        | Строка: 
====================
[2018-07-03 23:41:20] Текст ошибки:  | Файл: ,
        | Строка: 
====================
[2018-07-03 23:41:21] Текст ошибки:  | Файл: ,
        | Строка: 
====================
[2018-07-03 23:41:24] Текст ошибки:  | Файл: ,
        | Строка: 
====================
[2018-07-03 23:41:25] Текст ошибки:  | Файл: ,
        | Строка: 
====================
[2018-07-03 23:41:26] Текст ошибки:  | Файл: ,
        | Строка: 
====================
[2018-07-03 23:41:28] Текст ошибки:  | Файл: ,
        | Строка: 
====================
[2018-07-03 23:41:28] Текст ошибки:  | Файл: ,
        | Строка: 
====================
[2018-07-03 23:42:21] Текст ошибки:  | Файл: ,
        | Строка: 
====================
[2018-07-03 23:42:29] Текст ошибки:  | Файл: ,
        | Строка: 
====================
[2018-07-03 23:42:29] Текст ошибки:  | Файл: ,
        | Строка: 
====================
